{
  "distributors" : [ {
    "energyNeededKW" : 2334,
    "isBankrupt" : false,
    "id" : 0,
    "contracts" : [ ],
    "contractCost" : 11,
    "budget" : 1631
  }, {
    "energyNeededKW" : 1015,
    "isBankrupt" : false,
    "id" : 1,
    "contracts" : [ {
      "remainedContractMonths" : 1,
      "consumerId" : 7,
      "price" : 1
    }, {
      "remainedContractMonths" : 2,
      "consumerId" : 8,
      "price" : 1
    }, {
      "remainedContractMonths" : 5,
      "consumerId" : 9,
      "price" : 1
    }, {
      "remainedContractMonths" : 6,
      "consumerId" : 10,
      "price" : 1
    }, {
      "remainedContractMonths" : 7,
      "consumerId" : 11,
      "price" : 0
    }, {
      "remainedContractMonths" : 8,
      "consumerId" : 12,
      "price" : 0
    }, {
      "remainedContractMonths" : 9,
      "consumerId" : 13,
      "price" : 0
    }, {
      "remainedContractMonths" : 13,
      "consumerId" : 0,
      "price" : 0
    }, {
      "remainedContractMonths" : 13,
      "consumerId" : 1,
      "price" : 0
    }, {
      "remainedContractMonths" : 13,
      "consumerId" : 2,
      "price" : 0
    }, {
      "remainedContractMonths" : 13,
      "consumerId" : 3,
      "price" : 0
    }, {
      "remainedContractMonths" : 13,
      "consumerId" : 4,
      "price" : 0
    }, {
      "remainedContractMonths" : 13,
      "consumerId" : 14,
      "price" : 0
    }, {
      "remainedContractMonths" : 14,
      "consumerId" : 5,
      "price" : 0
    }, {
      "remainedContractMonths" : 15,
      "consumerId" : 6,
      "price" : 0
    }, {
      "remainedContractMonths" : 15,
      "consumerId" : 15,
      "price" : 0
    }, {
      "remainedContractMonths" : 16,
      "consumerId" : 16,
      "price" : 0
    } ],
    "contractCost" : 0,
    "budget" : 1399
  }, {
    "energyNeededKW" : 3482,
    "isBankrupt" : false,
    "id" : 2,
    "contracts" : [ ],
    "contractCost" : 30,
    "budget" : 1156
  }, {
    "energyNeededKW" : 3388,
    "isBankrupt" : false,
    "id" : 3,
    "contracts" : [ ],
    "contractCost" : 29,
    "budget" : 1218
  }, {
    "energyNeededKW" : 2266,
    "isBankrupt" : false,
    "id" : 4,
    "contracts" : [ ],
    "contractCost" : 21,
    "budget" : 269
  }, {
    "energyNeededKW" : 1253,
    "isBankrupt" : false,
    "id" : 5,
    "contracts" : [ ],
    "contractCost" : 15,
    "budget" : 1541
  }, {
    "energyNeededKW" : 3974,
    "isBankrupt" : false,
    "id" : 6,
    "contracts" : [ ],
    "contractCost" : 17,
    "budget" : 1324
  }, {
    "energyNeededKW" : 2783,
    "isBankrupt" : false,
    "id" : 7,
    "contracts" : [ ],
    "contractCost" : 25,
    "budget" : 461
  }, {
    "energyNeededKW" : 1442,
    "isBankrupt" : false,
    "id" : 8,
    "contracts" : [ ],
    "contractCost" : 28,
    "budget" : 1033
  }, {
    "energyNeededKW" : 2268,
    "isBankrupt" : false,
    "id" : 9,
    "contracts" : [ ],
    "contractCost" : 25,
    "budget" : 1031
  }, {
    "energyNeededKW" : 2641,
    "isBankrupt" : false,
    "id" : 10,
    "contracts" : [ ],
    "contractCost" : 22,
    "budget" : 194
  }, {
    "energyNeededKW" : 1473,
    "isBankrupt" : false,
    "id" : 11,
    "contracts" : [ ],
    "contractCost" : 21,
    "budget" : 199
  }, {
    "energyNeededKW" : 3965,
    "isBankrupt" : false,
    "id" : 12,
    "contracts" : [ ],
    "contractCost" : 18,
    "budget" : 1493
  }, {
    "energyNeededKW" : 4231,
    "isBankrupt" : false,
    "id" : 13,
    "contracts" : [ ],
    "contractCost" : 11,
    "budget" : 379
  }, {
    "energyNeededKW" : 4461,
    "isBankrupt" : false,
    "id" : 14,
    "contracts" : [ ],
    "contractCost" : 18,
    "budget" : 548
  }, {
    "energyNeededKW" : 2079,
    "isBankrupt" : false,
    "id" : 15,
    "contracts" : [ ],
    "contractCost" : 13,
    "budget" : 167
  }, {
    "energyNeededKW" : 3076,
    "isBankrupt" : false,
    "id" : 16,
    "contracts" : [ ],
    "contractCost" : 15,
    "budget" : 454
  }, {
    "energyNeededKW" : 3110,
    "isBankrupt" : false,
    "id" : 17,
    "contracts" : [ ],
    "contractCost" : 30,
    "budget" : 1361
  }, {
    "energyNeededKW" : 4957,
    "isBankrupt" : false,
    "id" : 18,
    "contracts" : [ ],
    "contractCost" : 19,
    "budget" : 860
  }, {
    "energyNeededKW" : 3828,
    "isBankrupt" : false,
    "id" : 19,
    "contracts" : [ ],
    "contractCost" : 10,
    "budget" : 1058
  } ],
  "consumers" : [ {
    "isBankrupt" : false,
    "id" : 0,
    "budget" : 1286
  }, {
    "isBankrupt" : false,
    "id" : 1,
    "budget" : 436
  }, {
    "isBankrupt" : false,
    "id" : 2,
    "budget" : 2004
  }, {
    "isBankrupt" : false,
    "id" : 3,
    "budget" : 324
  }, {
    "isBankrupt" : false,
    "id" : 4,
    "budget" : 559
  }, {
    "isBankrupt" : false,
    "id" : 5,
    "budget" : 774
  }, {
    "isBankrupt" : false,
    "id" : 6,
    "budget" : 1713
  }, {
    "isBankrupt" : false,
    "id" : 7,
    "budget" : 561
  }, {
    "isBankrupt" : false,
    "id" : 8,
    "budget" : 285
  }, {
    "isBankrupt" : false,
    "id" : 9,
    "budget" : 381
  }, {
    "isBankrupt" : false,
    "id" : 10,
    "budget" : 502
  }, {
    "isBankrupt" : false,
    "id" : 11,
    "budget" : 418
  }, {
    "isBankrupt" : false,
    "id" : 12,
    "budget" : 197
  }, {
    "isBankrupt" : false,
    "id" : 13,
    "budget" : 577
  }, {
    "isBankrupt" : false,
    "id" : 14,
    "budget" : 154
  }, {
    "isBankrupt" : false,
    "id" : 15,
    "budget" : 214
  }, {
    "isBankrupt" : false,
    "id" : 16,
    "budget" : 225
  } ],
  "energyProducers" : [ {
    "energyType" : "NUCLEAR",
    "maxDistributors" : 10,
    "energyPerDistributor" : 2577,
    "id" : 0,
    "priceKW" : 0.01
  }, {
    "energyType" : "COAL",
    "maxDistributors" : 4,
    "energyPerDistributor" : 3838,
    "id" : 1,
    "priceKW" : 0.04
  }, {
    "energyType" : "HYDRO",
    "maxDistributors" : 6,
    "energyPerDistributor" : 9608,
    "id" : 2,
    "priceKW" : 0.06
  }, {
    "energyType" : "COAL",
    "maxDistributors" : 4,
    "energyPerDistributor" : 3258,
    "id" : 3,
    "priceKW" : 0.1
  }, {
    "energyType" : "SOLAR",
    "maxDistributors" : 7,
    "energyPerDistributor" : 8619,
    "id" : 4,
    "priceKW" : 0.07
  } ]
}