{
  "distributors" : [ {
    "energyNeededKW" : 1930,
    "isBankrupt" : false,
    "id" : 0,
    "producerStrategy" : "GREEN",
    "contracts" : [ {
      "remainedContractMonths" : 0,
      "consumerId" : 1,
      "price" : 22
    }, {
      "remainedContractMonths" : 1,
      "consumerId" : 2,
      "price" : 14
    }, {
      "remainedContractMonths" : 2,
      "consumerId" : 3,
      "price" : 7
    }, {
      "remainedContractMonths" : 4,
      "consumerId" : 4,
      "price" : 17
    }, {
      "remainedContractMonths" : 5,
      "consumerId" : 0,
      "price" : 16
    } ],
    "contractCost" : 16,
    "budget" : 179
  } ],
  "consumers" : [ {
    "isBankrupt" : false,
    "id" : 0,
    "budget" : 174
  }, {
    "isBankrupt" : false,
    "id" : 1,
    "budget" : 152
  }, {
    "isBankrupt" : false,
    "id" : 2,
    "budget" : 471
  }, {
    "isBankrupt" : false,
    "id" : 3,
    "budget" : 332
  }, {
    "isBankrupt" : false,
    "id" : 4,
    "budget" : 183
  } ],
  "energyProducers" : [ {
    "energyType" : "WIND",
    "maxDistributors" : 10,
    "monthlyStats" : [ {
      "month" : 1,
      "distributorsIds" : [ 0 ]
    }, {
      "month" : 2,
      "distributorsIds" : [ 0 ]
    }, {
      "month" : 3,
      "distributorsIds" : [ 0 ]
    }, {
      "month" : 4,
      "distributorsIds" : [ 0 ]
    }, {
      "month" : 5,
      "distributorsIds" : [ 0 ]
    }, {
      "month" : 6,
      "distributorsIds" : [ 0 ]
    } ],
    "energyPerDistributor" : 1077,
    "id" : 0,
    "priceKW" : 0.01
  }, {
    "energyType" : "SOLAR",
    "maxDistributors" : 10,
    "monthlyStats" : [ {
      "month" : 1,
      "distributorsIds" : [ ]
    }, {
      "month" : 2,
      "distributorsIds" : [ 0 ]
    }, {
      "month" : 3,
      "distributorsIds" : [ 0 ]
    }, {
      "month" : 4,
      "distributorsIds" : [ 0 ]
    }, {
      "month" : 5,
      "distributorsIds" : [ 0 ]
    }, {
      "month" : 6,
      "distributorsIds" : [ 0 ]
    } ],
    "energyPerDistributor" : 677,
    "id" : 1,
    "priceKW" : 0.05
  }, {
    "energyType" : "NUCLEAR",
    "maxDistributors" : 10,
    "monthlyStats" : [ {
      "month" : 1,
      "distributorsIds" : [ ]
    }, {
      "month" : 2,
      "distributorsIds" : [ ]
    }, {
      "month" : 3,
      "distributorsIds" : [ ]
    }, {
      "month" : 4,
      "distributorsIds" : [ ]
    }, {
      "month" : 5,
      "distributorsIds" : [ 0 ]
    }, {
      "month" : 6,
      "distributorsIds" : [ 0 ]
    } ],
    "energyPerDistributor" : 4000,
    "id" : 2,
    "priceKW" : 0.08
  } ]
}